<?xml version="1.0" encoding="UTF-8"?>
<!-- Generated by org.testng.reporters.JUnitReportReporter -->
<testsuite skipped="0" hostname="hp" name="Challenges.Log" tests="1" failures="0" timestamp="05 May 2019 14:20:43 GMT" time="28.752" errors="0">
  <testcase name="clickTypes" time="28.752" classname="Challenges.Log"/>
</testsuite> <!-- Challenges.Log -->
