<?xml version="1.0" encoding="UTF-8"?>
<!-- Generated by org.testng.reporters.JUnitReportReporter -->
<testsuite skipped="0" hostname="hp" name="Challenges.GetBrowserDebugAddress" tests="1" failures="0" timestamp="05 May 2019 14:44:52 GMT" time="12.361" errors="0">
  <testcase name="browserPage" time="12.361" classname="Challenges.GetBrowserDebugAddress"/>
</testsuite> <!-- Challenges.GetBrowserDebugAddress -->
