<?xml version="1.0" encoding="UTF-8"?>
<!-- Generated by org.testng.reporters.JUnitReportReporter -->
<testsuite skipped="0" hostname="hp" name="custom.Locator" tests="1" failures="0" timestamp="04 May 2019 17:50:59 GMT" time="7.228" errors="0">
  <testcase name="createnewLocator" time="7.228" classname="custom.Locator"/>
</testsuite> <!-- custom.Locator -->
