<?xml version="1.0" encoding="UTF-8"?>
<!-- Generated by org.testng.reporters.JUnitReportReporter -->
<testsuite skipped="0" hostname="hp" name="Challenges.AttachBrowserWithDebugAddress" tests="1" failures="0" timestamp="05 May 2019 14:45:11 GMT" time="5.036" errors="0">
  <testcase name="browserPage" time="5.036" classname="Challenges.AttachBrowserWithDebugAddress"/>
</testsuite> <!-- Challenges.AttachBrowserWithDebugAddress -->
