<?xml version="1.0" encoding="UTF-8"?>
<!-- Generated by org.testng.reporters.JUnitReportReporter -->
<testsuite skipped="0" hostname="hp" name="org.testng.SampleTest" tests="1" failures="0" timestamp="15 Sep 2019 06:37:11 GMT" time="0.002" errors="0">
  <testcase name="test1" time="0.002" classname="org.testng.SampleTest"/>
</testsuite> <!-- org.testng.SampleTest -->
